\BOOKMARK [0][-]{chapter.1}{\376\377\000E\000s\000p\000a\000c\000i\000o\000s\000\040\000M\000\351\000t\000r\000i\000c\000o\000s}{}% 1
\BOOKMARK [1][-]{section.1.1}{\376\377\000D\000e\000f\000i\000n\000i\000c\000i\000\363\000n\000\040\000y\000\040\000E\000j\000e\000m\000p\000l\000o\000s}{chapter.1}% 2
\BOOKMARK [1][-]{section.1.2}{\376\377\000E\000q\000u\000i\000v\000a\000l\000e\000n\000c\000i\000a\000s\000\040\000y\000\040\000p\000r\000o\000p\000i\000e\000d\000a\000d\000e\000s\000\040\000b\000\341\000s\000i\000c\000a\000s}{chapter.1}% 3
\BOOKMARK [1][-]{section.1.3}{\376\377\000C\000o\000n\000s\000t\000r\000u\000c\000c\000i\000\363\000n\000\040\000d\000e\000\040\000m\000\351\000t\000r\000i\000c\000a\000s\000\040\000a\000\040\000p\000a\000r\000t\000i\000r\000\040\000d\000e\000\040\000o\000t\000r\000a\000s}{chapter.1}% 4
\BOOKMARK [1][-]{section.1.4}{\376\377\000M\000\351\000t\000r\000i\000c\000a\000s\000\040\000r\000e\000l\000a\000c\000i\000o\000n\000a\000d\000a\000s\000\040\000c\000o\000n\000\040\000R}{chapter.1}% 5
\BOOKMARK [1][-]{section.1.5}{\376\377\000D\000i\000s\000t\000a\000n\000c\000i\000a\000\040\000e\000n\000t\000r\000e\000\040\000c\000o\000n\000j\000u\000n\000t\000o\000s}{chapter.1}% 6
\BOOKMARK [1][-]{section.1.6}{\376\377\000I\000s\000o\000m\000e\000t\000r\000\355\000a\000s}{chapter.1}% 7
\BOOKMARK [0][-]{chapter.2}{\376\377\000C\000o\000n\000j\000u\000n\000t\000o\000s\000\040\000a\000b\000i\000e\000r\000t\000o\000s\000\040\000y\000\040\000c\000o\000n\000j\000u\000n\000t\000o\000s\000\040\000c\000e\000r\000r\000a\000d\000o\000s}{}% 8
\BOOKMARK [1][-]{section.2.1}{\376\377\000C\000o\000n\000j\000u\000n\000t\000o\000s\000\040\000a\000b\000i\000e\000r\000t\000o\000s}{chapter.2}% 9
\BOOKMARK [1][-]{section.2.2}{\376\377\000C\000o\000n\000j\000u\000n\000t\000o\000s\000\040\000c\000e\000r\000r\000a\000d\000o\000s}{chapter.2}% 10
\BOOKMARK [1][-]{section.2.3}{\376\377\000P\000u\000n\000t\000o\000s\000\040\000a\000d\000h\000e\000r\000e\000n\000t\000e\000s\000\040\000y\000\040\000p\000u\000n\000t\000o\000s\000\040\000d\000e\000\040\000a\000c\000u\000m\000u\000l\000a\000c\000i\000\363\000n}{chapter.2}% 11
\BOOKMARK [1][-]{section.2.4}{\376\377\000R\000e\000l\000a\000c\000i\000\363\000n\000\040\000e\000n\000t\000r\000e\000\040\000c\000o\000n\000j\000u\000n\000t\000o\000s\000\040\000c\000e\000r\000r\000a\000d\000o\000s\000\040\000y\000\040\000p\000u\000n\000t\000o\000s\000\040\000a\000d\000h\000e\000r\000e\000n\000t\000e\000s}{chapter.2}% 12
\BOOKMARK [1][-]{section.2.5}{\376\377\000S\000u\000b\000e\000s\000p\000a\000c\000i\000o\000s}{chapter.2}% 13
\BOOKMARK [1][-]{section.2.6}{\376\377\000F\000r\000o\000n\000t\000e\000r\000a\000\040\000d\000e\000\040\000u\000n\000\040\000c\000o\000n\000j\000u\000n\000t\000o}{chapter.2}% 14
\BOOKMARK [1][-]{section.2.7}{\376\377\000C\000o\000n\000j\000u\000n\000t\000o\000s\000\040\000d\000e\000n\000s\000o\000s\000,\000\040\000f\000r\000o\000n\000t\000e\000r\000i\000z\000o\000s\000\040\000y\000\040\000n\000a\000d\000a\000-\000d\000e\000n\000s\000o\000s}{chapter.2}% 15
\BOOKMARK [0][-]{chapter.3}{\376\377\000C\000o\000m\000p\000a\000c\000i\000d\000a\000d}{}% 16
\BOOKMARK [1][-]{section.3.1}{\376\377\000C\000o\000n\000j\000u\000n\000t\000o\000s\000\040\000a\000c\000o\000t\000a\000d\000o\000s\000\040\000y\000\040\000d\000i\000\341\000m\000e\000t\000r\000o}{chapter.3}% 17
\BOOKMARK [1][-]{section.3.2}{\376\377\000C\000o\000n\000j\000u\000n\000t\000o\000s\000\040\000p\000r\000e\000c\000o\000m\000p\000a\000c\000t\000o\000s\000\040\000y\000\040\000s\000e\000p\000a\000r\000a\000b\000l\000e\000s}{chapter.3}% 18
\BOOKMARK [1][-]{section.3.3}{\376\377\000C\000o\000n\000j\000u\000n\000t\000o\000s\000\040\000c\000o\000m\000p\000a\000c\000t\000o\000s}{chapter.3}% 19
\BOOKMARK [1][-]{section.3.4}{\376\377\000C\000o\000n\000j\000u\000n\000t\000o\000s\000\040\000r\000e\000l\000a\000t\000i\000v\000a\000m\000e\000n\000t\000e\000\040\000c\000o\000m\000p\000a\000c\000t\000o\000s}{chapter.3}% 20
\BOOKMARK [0][-]{chapter.4}{\376\377\000S\000u\000c\000e\000s\000i\000o\000n\000e\000s\000\040\000e\000n\000\040\000E\000s\000p\000a\000c\000i\000o\000s\000\040\000M\000\351\000t\000r\000i\000c\000o\000s}{}% 21
\BOOKMARK [1][-]{section.4.1}{\376\377\000S\000u\000c\000e\000s\000i\000o\000n\000e\000s}{chapter.4}% 22
\BOOKMARK [1][-]{section.4.2}{\376\377\000S\000u\000c\000e\000s\000i\000o\000n\000e\000s\000\040\000c\000o\000n\000v\000e\000r\000g\000e\000n\000t\000e\000s\000\040\000e\000n\000\040\000E\000s\000p\000a\000c\000i\000o\000s\000\040\000M\000\351\000t\000r\000i\000c\000o\000s}{chapter.4}% 23
\BOOKMARK [1][-]{section.4.3}{\376\377\000S\000u\000c\000e\000s\000i\000o\000n\000e\000s\000\040\000d\000e\000\040\000C\000a\000u\000c\000h\000y}{chapter.4}% 24
\BOOKMARK [1][-]{section.4.4}{\376\377\000E\000s\000p\000a\000c\000i\000o\000s\000\040\000M\000\351\000t\000r\000i\000c\000o\000s\000\040\000c\000o\000m\000p\000l\000e\000t\000o\000s}{chapter.4}% 25
\BOOKMARK [1][-]{section.4.5}{\376\377\000T\000e\000o\000r\000e\000m\000a\000\040\000d\000e\000\040\000B\000a\000i\000r\000e}{chapter.4}% 26
\BOOKMARK [0][-]{chapter.5}{\376\377\000L\000i\000m\000i\000t\000e\000\040\000y\000\040\000c\000o\000n\000t\000i\000n\000u\000i\000d\000a\000d\000\040\000e\000n\000\040\000E\000s\000p\000a\000c\000i\000o\000s\000\040\000M\000\351\000t\000r\000i\000c\000o\000s}{}% 27
\BOOKMARK [1][-]{section.5.1}{\376\377\000L\000i\000m\000i\000t\000e\000\040\000d\000e\000\040\000u\000n\000a\000\040\000f\000u\000n\000c\000i\000\363\000n}{chapter.5}% 28
\BOOKMARK [1][-]{section.5.2}{\376\377\000F\000u\000n\000c\000i\000o\000n\000e\000s\000\040\000c\000o\000n\000t\000i\000n\000u\000a\000s}{chapter.5}% 29
\BOOKMARK [1][-]{section.5.3}{\376\377\000C\000o\000n\000t\000i\000n\000u\000i\000d\000a\000d\000\040\000d\000e\000\040\000l\000a\000\040\000c\000o\000m\000p\000o\000s\000i\000c\000i\000\363\000n\000\040\000d\000e\000\040\000f\000u\000n\000c\000i\000o\000n\000e\000s}{chapter.5}% 30
\BOOKMARK [1][-]{section.5.4}{\376\377\000C\000o\000n\000t\000i\000n\000u\000i\000d\000a\000d\000\040\000y\000\040\000p\000r\000e\000i\000m\000a\000g\000e\000n\000e\000s\000\040\000d\000e\000\040\000c\000o\000n\000j\000u\000n\000t\000o\000s\000\040\000a\000b\000i\000e\000r\000t\000o\000s\000\040\000o\000\040\000c\000e\000r\000r\000a\000d\000o\000s}{chapter.5}% 31
\BOOKMARK [1][-]{section.5.5}{\376\377\000C\000o\000n\000t\000i\000n\000u\000i\000d\000a\000d\000\040\000y\000\040\000c\000o\000n\000j\000u\000n\000t\000o\000s\000\040\000c\000o\000m\000p\000a\000c\000t\000o\000s}{chapter.5}% 32
\BOOKMARK [1][-]{section.5.6}{\376\377\000H\000o\000m\000e\000o\000m\000o\000r\000f\000i\000s\000m\000o\000s}{chapter.5}% 33
\BOOKMARK [1][-]{section.5.7}{\376\377\000C\000o\000n\000t\000i\000n\000u\000i\000d\000a\000d\000\040\000u\000n\000i\000f\000o\000r\000m\000e}{chapter.5}% 34
\BOOKMARK [1][-]{section.5.8}{\376\377\000T\000e\000o\000r\000e\000m\000a\000\040\000d\000e\000l\000\040\000P\000u\000n\000t\000o\000\040\000f\000i\000j\000o\000\040\000d\000e\000\040\000B\000a\000n\000a\000c\000h}{chapter.5}% 35
\BOOKMARK [0][-]{chapter.6}{\376\377\000C\000o\000n\000j\000u\000n\000t\000o\000s\000\040\000c\000o\000n\000e\000x\000o\000s}{}% 36
\BOOKMARK [1][-]{section.6.1}{\376\377\000C\000o\000n\000j\000u\000n\000t\000o\000s\000\040\000c\000o\000n\000e\000x\000o\000s\000\040\000y\000\040\000d\000i\000s\000c\000o\000n\000e\000x\000o\000s}{chapter.6}% 37
\BOOKMARK [1][-]{section.6.2}{\376\377\000C\000e\000r\000r\000a\000d\000u\000r\000a\000\040\000y\000\040\000u\000n\000i\000\363\000n\000\040\000d\000e\000\040\000c\000o\000n\000e\000x\000o\000s}{chapter.6}% 38
\BOOKMARK [1][-]{section.6.3}{\376\377\000C\000o\000m\000p\000o\000n\000e\000n\000t\000e\000s\000\040\000d\000e\000\040\000u\000n\000\040\000C\000o\000n\000j\000u\000n\000t\000o}{chapter.6}% 39
\BOOKMARK [1][-]{section.6.4}{\376\377\000A\000r\000c\000o\000-\000c\000o\000n\000e\000x\000i\000d\000a\000d}{chapter.6}% 40
\BOOKMARK [1][-]{section.6.5}{\376\377\000C\000o\000n\000j\000u\000n\000t\000o\000s\000\040\000c\000o\000n\000e\000x\000o\000s\000\040\000e\000n\000\040\000\050\000R\000,\000\040\000|\000.\000\051}{chapter.6}% 41
