This is pdfTeX, Version 3.141592653-2.6-1.40.22 (MiKTeX 21.2) (preloaded format=pdflatex 2021.4.28)  1 JUN 2023 12:48
entering extended mode
**"d:/Luis Alfredo Monroy Villegas/Computadora/Tareas/Universidad (BUAP)/Semestre 9 - Otoño 2023/Análisis Matemático en Espacios Métricos/Notas de Métricos/Notas Espacios Metricos.tex"
(d:/Luis Alfredo Monroy Villegas/Computadora/Tareas/Universidad (BUAP)/Semestre 9 - Otoño 2023/Análisis Matemático en Espacios Métricos/Notas de Métricos/Notas Espacios Metricos.tex
LaTeX2e <2020-10-01> patch level 4
L3 programming layer <2021-02-18> xparse <2020-03-03> (C:\Program Files\MiKTeX\tex/latex/base\book.cls
Document Class: book 2020/04/10 v1.4m Standard LaTeX document class
(C:\Program Files\MiKTeX\tex/latex/base\bk10.clo
File: bk10.clo 2020/04/10 v1.4m Standard LaTeX file (size option)
)
\c@part=\count179
\c@chapter=\count180
\c@section=\count181
\c@subsection=\count182
\c@subsubsection=\count183
\c@paragraph=\count184
\c@subparagraph=\count185
\c@figure=\count186
\c@table=\count187
\abovecaptionskip=\skip47
\belowcaptionskip=\skip48
\bibindent=\dimen138
) (C:\Program Files\MiKTeX\tex/generic/babel\babel.sty
Package: babel 2021/01/26 3.53 The Babel package
 (C:\Program Files\MiKTeX\tex/generic/babel\babel.def
File: babel.def 2021/01/26 3.53 Babel common definitions
\babel@savecnt=\count188
\U@D=\dimen139
\l@babelnohyphens=\language79
 (C:\Program Files\MiKTeX\tex/generic/babel\txtbabel.def)
\bbl@readstream=\read2
)
\bbl@dirlevel=\count189

*************************************
* Local config file bblopts.cfg used
*
(C:\Program Files\MiKTeX\tex/latex/arabi\bblopts.cfg
File: bblopts.cfg 2005/09/08 v0.1 add Arabic and Farsi to "declared" options of babel
) (C:\Program Files\MiKTeX\tex/latex/babel-spanish\spanish.ldf
Language: spanish.ldf 2016/03/03 v5.0p Spanish support from the babel system
\es@quottoks=\toks15
\es@quotdepth=\count190
Package babel Info: Making " an active character on input line 561.
Package babel Info: Making . an active character on input line 662.
Package babel Info: Making < an active character on input line 707.
Package babel Info: Making > an active character on input line 707.
)) (C:\Program Files\MiKTeX\tex/latex/base\inputenc.sty
Package: inputenc 2020/08/01 v1.3d Input encoding file
\inpenc@prehook=\toks16
\inpenc@posthook=\toks17
) (C:\Program Files\MiKTeX\tex/latex/ragged2e\ragged2e.sty
Package: ragged2e 2021/02/05 v3.0 ragged2e Package
 (C:\Program Files\MiKTeX\tex/latex/everysel\everysel.sty
Package: everysel 2021/01/20 v2.1 EverySelectfont Package (MS)
 (C:\Program Files\MiKTeX\tex/latex/everysel\everysel-2011-10-28.sty)) (C:\Program Files\MiKTeX\tex/latex/footmisc\footmisc.sty
Package: footmisc 2011/06/06 v5.5b a miscellany of footnote facilities
\FN@temptoken=\toks18
\footnotemargin=\dimen140
\c@pp@next@reset=\count191
Package footmisc Info: Declaring symbol style bringhurst on input line 855.
Package footmisc Info: Declaring symbol style chicago on input line 863.
Package footmisc Info: Declaring symbol style wiley on input line 872.
Package footmisc Info: Declaring symbol style lamport-robust on input line 883.
Package footmisc Info: Declaring symbol style lamport* on input line 903.
Package footmisc Info: Declaring symbol style lamport*-robust on input line 924.
)
\CenteringLeftskip=\skip49
\RaggedLeftLeftskip=\skip50
\RaggedRightLeftskip=\skip51
\CenteringRightskip=\skip52
\RaggedLeftRightskip=\skip53
\RaggedRightRightskip=\skip54
\CenteringParfillskip=\skip55
\RaggedLeftParfillskip=\skip56
\RaggedRightParfillskip=\skip57
\JustifyingParfillskip=\skip58
\CenteringParindent=\skip59
\RaggedLeftParindent=\skip60
\RaggedRightParindent=\skip61
\JustifyingParindent=\skip62
) (C:\Program Files\MiKTeX\tex/latex/amscls\amsthm.sty
Package: amsthm 2020/05/29 v2.20.6
\thm@style=\toks19
\thm@bodyfont=\toks20
\thm@headfont=\toks21
\thm@notefont=\toks22
\thm@headpunct=\toks23
\thm@preskip=\skip63
\thm@postskip=\skip64
\thm@headsep=\skip65
\dth@everypar=\toks24
) (C:\Program Files\MiKTeX\tex/latex/amsmath\amsmath.sty
Package: amsmath 2020/09/23 v2.17i AMS math features
\@mathmargin=\skip66

For additional information on amsmath, use the `?' option.
(C:\Program Files\MiKTeX\tex/latex/amsmath\amstext.sty
Package: amstext 2000/06/29 v2.01 AMS text
 (C:\Program Files\MiKTeX\tex/latex/amsmath\amsgen.sty
File: amsgen.sty 1999/11/30 v2.0 generic functions
\@emptytoks=\toks25
\ex@=\dimen141
)) (C:\Program Files\MiKTeX\tex/latex/amsmath\amsbsy.sty
Package: amsbsy 1999/11/29 v1.2d Bold Symbols
\pmbraise@=\dimen142
) (C:\Program Files\MiKTeX\tex/latex/amsmath\amsopn.sty
Package: amsopn 2016/03/08 v2.02 operator names
)
\inf@bad=\count192
LaTeX Info: Redefining \frac on input line 234.
\uproot@=\count193
\leftroot@=\count194
LaTeX Info: Redefining \overline on input line 399.
\classnum@=\count195
\DOTSCASE@=\count196
LaTeX Info: Redefining \ldots on input line 496.
LaTeX Info: Redefining \dots on input line 499.
LaTeX Info: Redefining \cdots on input line 620.
\Mathstrutbox@=\box47
\strutbox@=\box48
\big@size=\dimen143
LaTeX Font Info:    Redeclaring font encoding OML on input line 743.
LaTeX Font Info:    Redeclaring font encoding OMS on input line 744.
\macc@depth=\count197
\c@MaxMatrixCols=\count198
\dotsspace@=\muskip16
\c@parentequation=\count199
\dspbrk@lvl=\count266
\tag@help=\toks26
\row@=\count267
\column@=\count268
\maxfields@=\count269
\andhelp@=\toks27
\eqnshift@=\dimen144
\alignsep@=\dimen145
\tagshift@=\dimen146
\tagwidth@=\dimen147
\totwidth@=\dimen148
\lineht@=\dimen149
\@envbody=\toks28
\multlinegap=\skip67
\multlinetaggap=\skip68
\mathdisplay@stack=\toks29
LaTeX Info: Redefining \[ on input line 2923.
LaTeX Info: Redefining \] on input line 2924.
) (C:\Program Files\MiKTeX\tex/latex/amsfonts\amssymb.sty
Package: amssymb 2013/01/14 v3.01 AMS font symbols
 (C:\Program Files\MiKTeX\tex/latex/amsfonts\amsfonts.sty
Package: amsfonts 2013/01/14 v3.01 Basic AMSFonts support
\symAMSa=\mathgroup4
\symAMSb=\mathgroup5
LaTeX Font Info:    Redeclaring math symbol \hbar on input line 98.
LaTeX Font Info:    Overwriting math alphabet `\mathfrak' in version `bold'
(Font)                  U/euf/m/n --> U/euf/b/n on input line 106.
)) (C:\Program Files\MiKTeX\tex/latex/graphics\graphicx.sty
Package: graphicx 2020/09/09 v1.2b Enhanced LaTeX Graphics (DPC,SPQR)
 (C:\Program Files\MiKTeX\tex/latex/graphics\keyval.sty
Package: keyval 2014/10/28 v1.15 key=value parser (DPC)
\KV@toks@=\toks30
) (C:\Program Files\MiKTeX\tex/latex/graphics\graphics.sty
Package: graphics 2020/08/30 v1.4c Standard LaTeX Graphics (DPC,SPQR)
 (C:\Program Files\MiKTeX\tex/latex/graphics\trig.sty
Package: trig 2016/01/03 v1.10 sin cos tan (DPC)
) (C:\Program Files\MiKTeX\tex/latex/graphics-cfg\graphics.cfg
File: graphics.cfg 2016/06/04 v1.11 sample graphics configuration
)
Package graphics Info: Driver file: pdftex.def on input line 105.
 (C:\Program Files\MiKTeX\tex/latex/graphics-def\pdftex.def
File: pdftex.def 2020/10/05 v1.2a Graphics/color driver for pdftex
))
\Gin@req@height=\dimen150
\Gin@req@width=\dimen151
) (C:\Program Files\MiKTeX\tex/latex/hyperref\hyperref.sty
Package: hyperref 2021-02-10 v7.00j Hypertext links for LaTeX
 (C:\Program Files\MiKTeX\tex/generic/ltxcmds\ltxcmds.sty
Package: ltxcmds 2020-05-10 v1.25 LaTeX kernel commands for general use (HO)
) (C:\Program Files\MiKTeX\tex/generic/iftex\iftex.sty
Package: iftex 2020/03/06 v1.0d TeX engine tests
) (C:\Program Files\MiKTeX\tex/generic/pdftexcmds\pdftexcmds.sty
Package: pdftexcmds 2020-06-27 v0.33 Utility functions of pdfTeX for LuaTeX (HO)
 (C:\Program Files\MiKTeX\tex/generic/infwarerr\infwarerr.sty
Package: infwarerr 2019/12/03 v1.5 Providing info/warning/error messages (HO)
)
Package pdftexcmds Info: \pdf@primitive is available.
Package pdftexcmds Info: \pdf@ifprimitive is available.
Package pdftexcmds Info: \pdfdraftmode found.
) (C:\Program Files\MiKTeX\tex/generic/kvsetkeys\kvsetkeys.sty
Package: kvsetkeys 2019/12/15 v1.18 Key value parser (HO)
) (C:\Program Files\MiKTeX\tex/generic/kvdefinekeys\kvdefinekeys.sty
Package: kvdefinekeys 2019-12-19 v1.6 Define keys (HO)
) (C:\Program Files\MiKTeX\tex/generic/pdfescape\pdfescape.sty
Package: pdfescape 2019/12/09 v1.15 Implements pdfTeX's escape features (HO)
) (C:\Program Files\MiKTeX\tex/latex/hycolor\hycolor.sty
Package: hycolor 2020-01-27 v1.10 Color options for hyperref/bookmark (HO)
) (C:\Program Files\MiKTeX\tex/latex/letltxmacro\letltxmacro.sty
Package: letltxmacro 2019/12/03 v1.6 Let assignment for LaTeX macros (HO)
) (C:\Program Files\MiKTeX\tex/latex/auxhook\auxhook.sty
Package: auxhook 2019-12-17 v1.6 Hooks for auxiliary files (HO)
) (C:\Program Files\MiKTeX\tex/latex/kvoptions\kvoptions.sty
Package: kvoptions 2020-10-07 v3.14 Key value format for package options (HO)
)
\@linkdim=\dimen152
\Hy@linkcounter=\count270
\Hy@pagecounter=\count271
 (C:\Program Files\MiKTeX\tex/latex/hyperref\pd1enc.def
File: pd1enc.def 2021-02-10 v7.00j Hyperref: PDFDocEncoding definition (HO)
Now handling font encoding PD1 ...
... no UTF-8 mapping file for font encoding PD1
) (C:\Program Files\MiKTeX\tex/latex/hyperref\hyperref-langpatches.def
File: hyperref-langpatches.def 2021-02-10 v7.00j Hyperref: patches for babel languages
) (C:\Program Files\MiKTeX\tex/generic/intcalc\intcalc.sty
Package: intcalc 2019/12/15 v1.3 Expandable calculations with integers (HO)
) (C:\Program Files\MiKTeX\tex/generic/etexcmds\etexcmds.sty
Package: etexcmds 2019/12/15 v1.7 Avoid name clashes with e-TeX commands (HO)
)
\Hy@SavedSpaceFactor=\count272
 (C:\Program Files\MiKTeX\tex/latex/hyperref\puenc.def
File: puenc.def 2021-02-10 v7.00j Hyperref: PDF Unicode definition (HO)
Now handling font encoding PU ...
... no UTF-8 mapping file for font encoding PU
)
Package hyperref Info: Hyper figures OFF on input line 4192.
Package hyperref Info: Link nesting OFF on input line 4197.
Package hyperref Info: Hyper index ON on input line 4200.
Package hyperref Info: Plain pages OFF on input line 4207.
Package hyperref Info: Backreferencing OFF on input line 4212.
Package hyperref Info: Implicit mode ON; LaTeX internals redefined.
Package hyperref Info: Bookmarks ON on input line 4445.
\c@Hy@tempcnt=\count273
 (C:\Program Files\MiKTeX\tex/latex/url\url.sty
\Urlmuskip=\muskip17
Package: url 2013/09/16  ver 3.4  Verb mode for urls, etc.
)
LaTeX Info: Redefining \url on input line 4804.
\XeTeXLinkMargin=\dimen153
 (C:\Program Files\MiKTeX\tex/generic/bitset\bitset.sty
Package: bitset 2019/12/09 v1.3 Handle bit-vector datatype (HO)
 (C:\Program Files\MiKTeX\tex/generic/bigintcalc\bigintcalc.sty
Package: bigintcalc 2019/12/15 v1.5 Expandable calculations on big integers (HO)
))
\Fld@menulength=\count274
\Field@Width=\dimen154
\Fld@charsize=\dimen155
Package hyperref Info: Hyper figures OFF on input line 6075.
Package hyperref Info: Link nesting OFF on input line 6080.
Package hyperref Info: Hyper index ON on input line 6083.
Package hyperref Info: backreferencing OFF on input line 6090.
Package hyperref Info: Link coloring OFF on input line 6095.
Package hyperref Info: Link coloring with OCG OFF on input line 6100.
Package hyperref Info: PDF/A mode OFF on input line 6105.
LaTeX Info: Redefining \ref on input line 6145.
LaTeX Info: Redefining \pageref on input line 6149.
 (C:\Program Files\MiKTeX\tex/latex/base\atbegshi-ltx.sty
Package: atbegshi-ltx 2020/08/17 v1.0a Emulation of the original atbegshi package
with kernel methods
)
\Hy@abspage=\count275
\c@Item=\count276
\c@Hfootnote=\count277
)
Package hyperref Info: Driver (autodetected): hpdftex.
 (C:\Program Files\MiKTeX\tex/latex/hyperref\hpdftex.def
File: hpdftex.def 2021-02-10 v7.00j Hyperref driver for pdfTeX
 (C:\Program Files\MiKTeX\tex/latex/base\atveryend-ltx.sty
Package: atveryend-ltx 2020/08/19 v1.0a Emulation of the original atvery package
with kernel methods
)
\Fld@listcount=\count278
\c@bookmark@seq@number=\count279
 (C:\Program Files\MiKTeX\tex/latex/rerunfilecheck\rerunfilecheck.sty
Package: rerunfilecheck 2019/12/05 v1.9 Rerun checks for auxiliary files (HO)
 (C:\Program Files\MiKTeX\tex/generic/uniquecounter\uniquecounter.sty
Package: uniquecounter 2019/12/15 v1.4 Provide unlimited unique counter (HO)
)
Package uniquecounter Info: New unique counter `rerunfilecheck' on input line 286.
)
\Hy@SectionHShift=\skip69
)
Package hyperref Info: Option `colorlinks' set `true' on input line 11.
 (C:\Program Files\MiKTeX\tex/latex/anysize\anysize.sty
Package: anysize 1994/08/13 setting margin sizes

document style option `anysize' loaded
Michael Salzenberg, Thomas Esser, Dirk Hillbrecht
Version 1.0, Aug 13, 1994
\@Leftmargin=\dimen156
\@Rightmargin=\dimen157
\@Topmargin=\dimen158
\@Bottommargin=\dimen159
) (C:\Program Files\MiKTeX\tex/latex/latex-tools\longtable.sty
Package: longtable 2020/01/07 v4.13 Multi-page Table package (DPC)
\LTleft=\skip70
\LTright=\skip71
\LTpre=\skip72
\LTpost=\skip73
\LTchunksize=\count280
\LTcapwidth=\dimen160
\LT@head=\box49
\LT@firsthead=\box50
\LT@foot=\box51
\LT@lastfoot=\box52
\LT@cols=\count281
\LT@rows=\count282
\c@LT@tables=\count283
\c@LT@chunks=\count284
\LT@p@ftn=\toks31
) (C:\Program Files\MiKTeX\tex/latex/latex-tools\bm.sty
Package: bm 2019/07/24 v1.2d Bold Symbol Support (DPC/FMi)
\symboldoperators=\mathgroup6
\symboldletters=\mathgroup7
\symboldsymbols=\mathgroup8
LaTeX Font Info:    Redeclaring math alphabet \mathbf on input line 141.
LaTeX Info: Redefining \bm on input line 209.
) (C:\Program Files\MiKTeX\tex/latex/hyphenat\hyphenat.sty
Package: hyphenat 2009/09/02 v2.3c hyphenation utilities
\langwohyphens=\language80
LaTeX Info: Redefining \_ on input line 43.
) (C:\Program Files\MiKTeX\tex/latex/microtype\microtype.sty
Package: microtype 2022/03/14 v3.0d Micro-typographical refinements (RS)
 (C:\Program Files\MiKTeX\tex/latex/etoolbox\etoolbox.sty
Package: etoolbox 2020/10/05 v2.5k e-TeX tools for LaTeX (JAW)
\etb@tempcnta=\count285
)
\MT@toks=\toks32
\MT@tempbox=\box53
\MT@count=\count286
LaTeX Info: Redefining \noprotrusionifhmode on input line 1027.
LaTeX Info: Redefining \leftprotrusion on input line 1028.
LaTeX Info: Redefining \rightprotrusion on input line 1036.
LaTeX Info: Redefining \textls on input line 1195.
\MT@outer@kern=\dimen161
LaTeX Info: Redefining \textmicrotypecontext on input line 1781.
\MT@listname@count=\count287
 (C:\Program Files\MiKTeX\tex/latex/microtype\microtype-pdftex.def
File: microtype-pdftex.def 2022/03/14 v3.0d Definitions specific to pdftex (RS)
LaTeX Info: Redefining \lsstyle on input line 900.
LaTeX Info: Redefining \lslig on input line 900.
\MT@outer@space=\skip74
)
Package microtype Info: Loading configuration file microtype.cfg.
 (C:\Program Files\MiKTeX\tex/latex/microtype\microtype.cfg
File: microtype.cfg 2022/03/14 v3.0d microtype main configuration file (RS)
)) (C:\Program Files\MiKTeX\tex/latex/xcolor\xcolor.sty
Package: xcolor 2016/05/11 v2.12 LaTeX color extensions (UK)
 (C:\Program Files\MiKTeX\tex/latex/graphics-cfg\color.cfg
File: color.cfg 2016/01/02 v1.6 sample color configuration
)
Package xcolor Info: Driver file: pdftex.def on input line 225.
Package xcolor Info: Model `cmy' substituted by `cmy0' on input line 1348.
Package xcolor Info: Model `hsb' substituted by `rgb' on input line 1352.
Package xcolor Info: Model `RGB' extended on input line 1364.
Package xcolor Info: Model `HTML' substituted by `rgb' on input line 1366.
Package xcolor Info: Model `Hsb' substituted by `hsb' on input line 1367.
Package xcolor Info: Model `tHsb' substituted by `hsb' on input line 1368.
Package xcolor Info: Model `HSB' substituted by `hsb' on input line 1369.
Package xcolor Info: Model `Gray' substituted by `gray' on input line 1370.
Package xcolor Info: Model `wave' substituted by `hsb' on input line 1371.
)
\c@Definicion=\count288
\@indexfile=\write3
\openout3 = `"Notas Espacios Metricos.idx"'.


Writing index file "Notas Espacios Metricos".idx
(C:\Program Files\MiKTeX\tex/latex/l3backend\l3backend-pdftex.def
File: l3backend-pdftex.def 2021-02-18 L3 backend support: PDF output (pdfTeX)
\l__color_backend_stack_int=\count289
\l__pdf_internal_box=\box54
) (Notas Espacios Metricos.aux
LaTeX Info: Redefining \. on input line 26.
LaTeX Info: Redefining \% on input line 26.
)
\openout1 = `"Notas Espacios Metricos.aux"'.

LaTeX Font Info:    Checking defaults for OML/cmm/m/it on input line 154.
LaTeX Font Info:    ... okay on input line 154.
LaTeX Font Info:    Checking defaults for OMS/cmsy/m/n on input line 154.
LaTeX Font Info:    ... okay on input line 154.
LaTeX Font Info:    Checking defaults for OT1/cmr/m/n on input line 154.
LaTeX Font Info:    ... okay on input line 154.
LaTeX Font Info:    Checking defaults for T1/cmr/m/n on input line 154.
LaTeX Font Info:    ... okay on input line 154.
LaTeX Font Info:    Checking defaults for TS1/cmr/m/n on input line 154.
LaTeX Font Info:    ... okay on input line 154.
LaTeX Font Info:    Checking defaults for OMX/cmex/m/n on input line 154.
LaTeX Font Info:    ... okay on input line 154.
LaTeX Font Info:    Checking defaults for U/cmr/m/n on input line 154.
LaTeX Font Info:    ... okay on input line 154.
LaTeX Font Info:    Checking defaults for PD1/pdf/m/n on input line 154.
LaTeX Font Info:    ... okay on input line 154.
LaTeX Font Info:    Checking defaults for PU/pdf/m/n on input line 154.
LaTeX Font Info:    ... okay on input line 154.
LaTeX Info: Redefining \. on input line 154.
LaTeX Info: Redefining \% on input line 154.
Package ragged2e Info: ABD: executing \RaggedRight on input line 154.
 ABD: EverySelectfont initializing macros
LaTeX Info: Redefining \selectfont on input line 154.
 (C:\Program Files\MiKTeX\tex/context/base/mkii\supp-pdf.mkii
[Loading MPS to PDF converter (version 2006.09.02).]
\scratchcounter=\count290
\scratchdimen=\dimen162
\scratchbox=\box55
\nofMPsegments=\count291
\nofMParguments=\count292
\everyMPshowfont=\toks33
\MPscratchCnt=\count293
\MPscratchDim=\dimen163
\MPnumerator=\count294
\makeMPintoPDFobject=\count295
\everyMPtoPDFconversion=\toks34
) (C:\Program Files\MiKTeX\tex/latex/epstopdf-pkg\epstopdf-base.sty
Package: epstopdf-base 2020-01-24 v2.11 Base part for package epstopdf
Package epstopdf-base Info: Redefining graphics rule for `.eps' on input line 485.
)
Package hyperref Info: Link coloring ON on input line 154.
 (C:\Program Files\MiKTeX\tex/latex/hyperref\nameref.sty
Package: nameref 2021-04-02 v2.47 Cross-referencing by name of section
 (C:\Program Files\MiKTeX\tex/latex/refcount\refcount.sty
Package: refcount 2019/12/15 v3.6 Data extraction from label references (HO)
) (C:\Program Files\MiKTeX\tex/generic/gettitlestring\gettitlestring.sty
Package: gettitlestring 2019/12/15 v1.6 Cleanup title references (HO)
)
\c@section@level=\count296
)
LaTeX Info: Redefining \ref on input line 154.
LaTeX Info: Redefining \pageref on input line 154.
LaTeX Info: Redefining \nameref on input line 154.
 (Notas Espacios Metricos.out) (Notas Espacios Metricos.out)
\@outlinefile=\write4
\openout4 = `"Notas Espacios Metricos.out"'.

LaTeX Info: Redefining \microtypecontext on input line 154.
Package microtype Info: Applying patch `item' on input line 154.
Package microtype Info: Applying patch `toc' on input line 154.
Package microtype Info: Applying patch `eqnum' on input line 154.
Package microtype Info: Applying patch `footnote' on input line 154.
Package microtype Info: Generating PDF output.
Package microtype Info: Character protrusion enabled (level 2).
Package microtype Info: Using default protrusion set `alltext'.
Package microtype Info: Automatic font expansion enabled (level 2),
(microtype)             stretch: 20, shrink: 20, step: 1, non-selected.
Package microtype Info: Using default expansion set `alltext-nott'.
LaTeX Info: Redefining \showhyphens on input line 154.
Package microtype Info: No adjustment of tracking.
Package microtype Info: No adjustment of interword spacing.
Package microtype Info: No adjustment of character kerning.
 (C:\Program Files\MiKTeX\tex/latex/microtype\mt-cmr.cfg
File: mt-cmr.cfg 2013/05/19 v2.2 microtype config. file: Computer Modern Roman (RS)
)

LaTeX Warning: Citation `DUMMY:1' on page 1 undefined on input line 158.

[1{C:/Users/Lur0y/AppData/Local/MiKTeX/pdftex/config/pdftex.map}

] (Notas Espacios Metricos.toc
LaTeX Info: Redefining \. on input line 1.
LaTeX Info: Redefining \% on input line 1.
LaTeX Font Info:    Trying to load font information for U+msa on input line 3.
 (C:\Program Files\MiKTeX\tex/latex/amsfonts\umsa.fd
File: umsa.fd 2013/01/14 v3.01 AMS symbols A
) (C:\Program Files\MiKTeX\tex/latex/microtype\mt-msa.cfg
File: mt-msa.cfg 2006/02/04 v1.1 microtype config. file: AMS symbols (a) (RS)
)
LaTeX Font Info:    Trying to load font information for U+msb on input line 3.
 (C:\Program Files\MiKTeX\tex/latex/amsfonts\umsb.fd
File: umsb.fd 2013/01/14 v3.01 AMS symbols B
) (C:\Program Files\MiKTeX\tex/latex/microtype\mt-msb.cfg
File: mt-msb.cfg 2005/06/01 v1.0 microtype config. file: AMS symbols (b) (RS)
))
\tf@toc=\write5
\openout5 = `"Notas Espacios Metricos.toc"'.

 [2

]
LaTeX Info: Redefining \. on input line 165.
LaTeX Info: Redefining \% on input line 165.
 [3]
Cap\'{\i }tulo 1.

Underfull \hbox (badness 10000) in paragraph at lines 171--172

 []


Underfull \hbox (badness 10000) in paragraph at lines 173--174

 []


Underfull \hbox (badness 10000) in paragraph at lines 175--176

 []


Underfull \hbox (badness 10000) in paragraph at lines 177--178

 []


Underfull \hbox (badness 10000) in paragraph at lines 179--180

 []


Underfull \hbox (badness 10000) in paragraph at lines 185--186

 []


Underfull \hbox (badness 10000) in paragraph at lines 187--188

 []


Underfull \hbox (badness 10000) in paragraph at lines 197--198

 []


Underfull \hbox (badness 10000) in paragraph at lines 199--200

 []


Underfull \hbox (badness 10000) in paragraph at lines 201--202

 []


Underfull \hbox (badness 10000) in paragraph at lines 203--204

 []


Underfull \hbox (badness 10000) in paragraph at lines 205--206

 []

[4

]
Underfull \hbox (badness 10000) in paragraph at lines 211--212

 []


Underfull \hbox (badness 10000) in paragraph at lines 213--214

 []


Underfull \hbox (badness 10000) in paragraph at lines 225--226

 []


Underfull \hbox (badness 10000) in paragraph at lines 227--228

 []


Underfull \hbox (badness 10000) in paragraph at lines 229--230

 []


Overfull \hbox (6.79951pt too wide) in paragraph at lines 231--232
[]\OT1/cmr/bx/n/10 (-20) 4. $\OT1/cmr/m/n/10 (-20) (\U/msb/m/n/10 R[]\OML/cmm/m/it/10 ; d\OT1/cmr/m/n/10 (-20) )$ don-de pa-ra cua-les-quie-ra $(\OML/cmm/m/it/10 x[]; x[]; :::; x[]\OT1/cmr/m/n/10 (-20) )\OML/cmm/m/it/10 ; \OT1/cmr/m/n/10 (-20) (\OML/cmm/m/it/10 y[]; y[]; :::; y[]\OT1/cmr/m/n/10 (-20) ) \OMS/cmsy/m/n/10 2 \U/msb/m/n/10 R[]$\OT1/cmr/m/n/10 (-20) , $\OML/cmm/m/it/10 d\OT1/cmr/m/n/10 (-20) ((\OML/cmm/m/it/10 x[]; x[]; :::; x[]\OT1/cmr/m/n/10 (-20) )\OML/cmm/m/it/10 ; \OT1/cmr/m/n/10 (-20) (\OML/cmm/m/it/10 y[]; y[]; :::; y[]\OT1/cmr/m/n/10 (-20) )) =
 []


Underfull \hbox (badness 10000) in paragraph at lines 231--232

 []


Overfull \hbox (6.79951pt too wide) in paragraph at lines 233--234
[]\OT1/cmr/bx/n/10 (-20) 5. $\OT1/cmr/m/n/10 (-20) (\U/msb/m/n/10 R[]\OML/cmm/m/it/10 ; d\OT1/cmr/m/n/10 (-20) )$ don-de pa-ra cua-les-quie-ra $(\OML/cmm/m/it/10 x[]; x[]; :::; x[]\OT1/cmr/m/n/10 (-20) )\OML/cmm/m/it/10 ; \OT1/cmr/m/n/10 (-20) (\OML/cmm/m/it/10 y[]; y[]; :::; y[]\OT1/cmr/m/n/10 (-20) ) \OMS/cmsy/m/n/10 2 \U/msb/m/n/10 R[]$\OT1/cmr/m/n/10 (-20) , $\OML/cmm/m/it/10 d\OT1/cmr/m/n/10 (-20) ((\OML/cmm/m/it/10 x[]; x[]; :::; x[]\OT1/cmr/m/n/10 (-20) )\OML/cmm/m/it/10 ; \OT1/cmr/m/n/10 (-20) (\OML/cmm/m/it/10 y[]; y[]; :::; y[]\OT1/cmr/m/n/10 (-20) )) =
 []


Underfull \hbox (badness 10000) in paragraph at lines 233--234

 []


Overfull \hbox (11.1396pt too wide) in paragraph at lines 235--236
[]\OT1/cmr/bx/n/10 (-20) 6. $\OT1/cmr/m/n/10 (-20) (\U/msb/m/n/10 R[]\OML/cmm/m/it/10 ; d\OT1/cmr/m/n/10 (-20) )$ don-de pa-ra cua-les-quie-ra $(\OML/cmm/m/it/10 x[]; x[]\OT1/cmr/m/n/10 (-20) )\OML/cmm/m/it/10 ; \OT1/cmr/m/n/10 (-20) (\OML/cmm/m/it/10 y[]; y[]\OT1/cmr/m/n/10 (-20) ) \OMS/cmsy/m/n/10 2 \U/msb/m/n/10 R[]$\OT1/cmr/m/n/10 (-20) , $\OML/cmm/m/it/10 d\OT1/cmr/m/n/10 (-20) ((\OML/cmm/m/it/10 x[]; x[]\OT1/cmr/m/n/10 (-20) )\OML/cmm/m/it/10 ; \OT1/cmr/m/n/10 (-20) (\OML/cmm/m/it/10 y[]; y[]\OT1/cmr/m/n/10 (-20) )) = []$
 []


Underfull \hbox (badness 10000) in paragraph at lines 235--236

 []


Underfull \hbox (badness 10000) in paragraph at lines 237--238

 []


Underfull \hbox (badness 10000) in paragraph at lines 239--240

 []


Underfull \hbox (badness 10000) in paragraph at lines 241--242

 []


Underfull \hbox (badness 10000) in paragraph at lines 243--244

 []


Underfull \hbox (badness 10000) in paragraph at lines 245--246

 []


Underfull \hbox (badness 10000) in paragraph at lines 247--248

 []


Underfull \hbox (badness 10000) in paragraph at lines 249--250

 []


Underfull \hbox (badness 10000) in paragraph at lines 253--254

 []

LaTeX Info: Redefining \. on input line 254.
LaTeX Info: Redefining \% on input line 254.
[5]
Underfull \hbox (badness 10000) in paragraph at lines 259--260

 []


Underfull \hbox (badness 10000) in paragraph at lines 261--262

 []


Underfull \hbox (badness 10000) in paragraph at lines 267--268

 []


Underfull \hbox (badness 10000) in paragraph at lines 269--270

 []


Underfull \hbox (badness 10000) in paragraph at lines 281--282

 []


Underfull \hbox (badness 10000) in paragraph at lines 283--284

 []


Underfull \hbox (badness 10000) in paragraph at lines 289--290

 []


Underfull \hbox (badness 10000) in paragraph at lines 291--292

 []


Underfull \hbox (badness 10000) in paragraph at lines 297--298

 []

LaTeX Info: Redefining \. on input line 298.
LaTeX Info: Redefining \% on input line 298.
[6]
Underfull \hbox (badness 10000) in paragraph at lines 299--300

 []


Underfull \hbox (badness 10000) in paragraph at lines 301--302

 []


Underfull \hbox (badness 10000) in paragraph at lines 303--304

 []


Underfull \hbox (badness 10000) in paragraph at lines 309--310

 []


Underfull \hbox (badness 10000) in paragraph at lines 311--312

 []


Underfull \hbox (badness 10000) in paragraph at lines 313--314

 []


Underfull \hbox (badness 10000) in paragraph at lines 321--322

 []


Underfull \hbox (badness 10000) in paragraph at lines 329--330

 []


Underfull \hbox (badness 10000) in paragraph at lines 337--338

 []


Underfull \hbox (badness 10000) in paragraph at lines 343--344

 []

LaTeX Info: Redefining \. on input line 344.
LaTeX Info: Redefining \% on input line 344.
[7]
Underfull \hbox (badness 10000) in paragraph at lines 345--346

 []


Underfull \hbox (badness 10000) in paragraph at lines 347--348

 []


Underfull \hbox (badness 10000) in paragraph at lines 349--350

 []


Underfull \hbox (badness 10000) in paragraph at lines 355--356

 []


Underfull \hbox (badness 10000) in paragraph at lines 361--362

 []


Underfull \hbox (badness 10000) in paragraph at lines 367--368

 []


Underfull \hbox (badness 10000) in paragraph at lines 369--370

 []


Underfull \hbox (badness 10000) in paragraph at lines 371--372

 []


Underfull \hbox (badness 10000) in paragraph at lines 373--374

 []


Underfull \hbox (badness 10000) in paragraph at lines 375--376

 []


Underfull \hbox (badness 10000) in paragraph at lines 381--382

 []


Underfull \hbox (badness 10000) in paragraph at lines 383--384

 []

LaTeX Info: Redefining \. on input line 385.
LaTeX Info: Redefining \% on input line 385.
[8]
Underfull \hbox (badness 10000) in paragraph at lines 385--386

 []


Package hyperref Warning: Token not allowed in a PDF string (Unicode):
(hyperref)                removing `math shift' on input line 389.


Package hyperref Warning: Token not allowed in a PDF string (Unicode):
(hyperref)                removing `math shift' on input line 389.


Underfull \hbox (badness 10000) in paragraph at lines 393--394

 []


Underfull \hbox (badness 10000) in paragraph at lines 399--400

 []


Underfull \hbox (badness 10000) in paragraph at lines 405--406

 []


Underfull \hbox (badness 10000) in paragraph at lines 407--408

 []


Underfull \hbox (badness 10000) in paragraph at lines 409--410

 []


Underfull \hbox (badness 10000) in paragraph at lines 417--418

 []


Underfull \hbox (badness 10000) in paragraph at lines 419--420

 []

LaTeX Info: Redefining \. on input line 424.
LaTeX Info: Redefining \% on input line 424.
[9]
Underfull \hbox (badness 10000) in paragraph at lines 425--426

 []


Underfull \hbox (badness 10000) in paragraph at lines 433--434

 []


Underfull \hbox (badness 10000) in paragraph at lines 435--436

 []


Underfull \hbox (badness 10000) in paragraph at lines 437--438

 []


Underfull \hbox (badness 10000) in paragraph at lines 439--440

 []


Underfull \hbox (badness 10000) in paragraph at lines 445--446

 []


Underfull \hbox (badness 10000) in paragraph at lines 447--448

 []


Underfull \hbox (badness 10000) in paragraph at lines 453--454

 []


Underfull \hbox (badness 10000) in paragraph at lines 455--456

 []


Underfull \hbox (badness 10000) in paragraph at lines 457--458

 []


Underfull \hbox (badness 10000) in paragraph at lines 459--460

 []


Underfull \hbox (badness 10000) in paragraph at lines 465--466

 []


Underfull \hbox (badness 10000) in paragraph at lines 467--468

 []


Underfull \hbox (badness 10000) in paragraph at lines 475--476

 []

LaTeX Info: Redefining \. on input line 476.
LaTeX Info: Redefining \% on input line 476.
[10]
Underfull \hbox (badness 10000) in paragraph at lines 477--478

 []


Underfull \hbox (badness 10000) in paragraph at lines 479--480

 []


Underfull \hbox (badness 10000) in paragraph at lines 481--482

 []


Underfull \hbox (badness 10000) in paragraph at lines 487--488

 []


Underfull \hbox (badness 10000) in paragraph at lines 489--490

 []


Underfull \hbox (badness 10000) in paragraph at lines 497--498

 []


Underfull \hbox (badness 10000) in paragraph at lines 499--500

 []


Underfull \hbox (badness 10000) in paragraph at lines 501--502

 []


Underfull \hbox (badness 10000) in paragraph at lines 503--504

 []


Underfull \hbox (badness 10000) in paragraph at lines 509--510

 []


Underfull \hbox (badness 10000) in paragraph at lines 511--512

 []


Underfull \hbox (badness 10000) in paragraph at lines 513--514

 []


Underfull \hbox (badness 10000) in paragraph at lines 519--520

 []

LaTeX Info: Redefining \. on input line 520.
LaTeX Info: Redefining \% on input line 520.
[11]
Underfull \hbox (badness 10000) in paragraph at lines 521--522

 []


Underfull \hbox (badness 10000) in paragraph at lines 523--524

 []


Underfull \hbox (badness 10000) in paragraph at lines 531--532

 []

LaTeX Info: Redefining \. on input line 535.
LaTeX Info: Redefining \% on input line 535.
[12]
Cap\'{\i }tulo 2.

Underfull \hbox (badness 10000) in paragraph at lines 541--542

 []


Underfull \hbox (badness 10000) in paragraph at lines 547--548

 []


Underfull \hbox (badness 10000) in paragraph at lines 549--550

 []


Underfull \hbox (badness 10000) in paragraph at lines 555--556

 []


Underfull \hbox (badness 10000) in paragraph at lines 561--562

 []


Underfull \hbox (badness 10000) in paragraph at lines 563--564

 []


Underfull \hbox (badness 10000) in paragraph at lines 569--570

 []

[13

]
Underfull \hbox (badness 10000) in paragraph at lines 575--576

 []


Underfull \hbox (badness 10000) in paragraph at lines 577--578

 []


Underfull \hbox (badness 10000) in paragraph at lines 579--580

 []


Underfull \hbox (badness 10000) in paragraph at lines 581--582

 []


Underfull \hbox (badness 10000) in paragraph at lines 587--588

 []


Underfull \hbox (badness 10000) in paragraph at lines 589--590

 []


Underfull \hbox (badness 10000) in paragraph at lines 591--592

 []


Underfull \hbox (badness 10000) in paragraph at lines 593--594

 []


Underfull \hbox (badness 10000) in paragraph at lines 595--596

 []


Underfull \hbox (badness 10000) in paragraph at lines 601--602

 []


Underfull \hbox (badness 10000) in paragraph at lines 603--604

 []


Underfull \hbox (badness 10000) in paragraph at lines 605--606

 []


Underfull \hbox (badness 10000) in paragraph at lines 612--613

 []


Underfull \hbox (badness 10000) in paragraph at lines 618--619

 []

LaTeX Info: Redefining \. on input line 619.
LaTeX Info: Redefining \% on input line 619.
[14]
Underfull \hbox (badness 10000) in paragraph at lines 624--625

 []


Underfull \hbox (badness 10000) in paragraph at lines 626--627

 []


Underfull \hbox (badness 10000) in paragraph at lines 628--629

 []


Underfull \hbox (badness 10000) in paragraph at lines 634--635

 []


Underfull \hbox (badness 10000) in paragraph at lines 640--641

 []


Underfull \hbox (badness 10000) in paragraph at lines 642--643

 []


Underfull \hbox (badness 10000) in paragraph at lines 650--651

 []


Underfull \hbox (badness 10000) in paragraph at lines 652--653

 []


Underfull \hbox (badness 10000) in paragraph at lines 654--655

 []


Underfull \hbox (badness 10000) in paragraph at lines 656--657

 []


Underfull \hbox (badness 10000) in paragraph at lines 658--659

 []


Underfull \hbox (badness 10000) in paragraph at lines 660--661

 []


Underfull \hbox (badness 10000) in paragraph at lines 668--669

 []

LaTeX Info: Redefining \. on input line 669.
LaTeX Info: Redefining \% on input line 669.
[15]
Underfull \hbox (badness 10000) in paragraph at lines 674--675

 []


Underfull \hbox (badness 10000) in paragraph at lines 676--677

 []


Underfull \hbox (badness 10000) in paragraph at lines 682--683

 []


Underfull \hbox (badness 10000) in paragraph at lines 688--689

 []


Underfull \hbox (badness 10000) in paragraph at lines 690--691

 []


Underfull \hbox (badness 10000) in paragraph at lines 692--693

 []


Underfull \hbox (badness 10000) in paragraph at lines 694--695

 []


Underfull \hbox (badness 10000) in paragraph at lines 696--697

 []


Underfull \hbox (badness 10000) in paragraph at lines 698--699

 []


Underfull \hbox (badness 10000) in paragraph at lines 704--705

 []


Underfull \hbox (badness 10000) in paragraph at lines 710--711

 []

LaTeX Info: Redefining \. on input line 711.
LaTeX Info: Redefining \% on input line 711.
[16]
Underfull \hbox (badness 10000) in paragraph at lines 716--717

 []


Underfull \hbox (badness 10000) in paragraph at lines 718--719

 []


Underfull \hbox (badness 10000) in paragraph at lines 720--721

 []


Underfull \hbox (badness 10000) in paragraph at lines 722--723

 []


Underfull \hbox (badness 10000) in paragraph at lines 724--725

 []


Underfull \hbox (badness 10000) in paragraph at lines 730--731

 []


Underfull \hbox (badness 10000) in paragraph at lines 736--737

 []


Underfull \hbox (badness 10000) in paragraph at lines 744--745

 []


Underfull \hbox (badness 10000) in paragraph at lines 750--751

 []


Underfull \hbox (badness 10000) in paragraph at lines 758--759

 []

LaTeX Info: Redefining \. on input line 759.
LaTeX Info: Redefining \% on input line 759.
[17]
Underfull \hbox (badness 10000) in paragraph at lines 764--765

 []


Underfull \hbox (badness 10000) in paragraph at lines 766--767

 []


Underfull \hbox (badness 10000) in paragraph at lines 772--773

 []


Underfull \hbox (badness 10000) in paragraph at lines 778--779

 []


Underfull \hbox (badness 10000) in paragraph at lines 784--785

 []


Underfull \hbox (badness 10000) in paragraph at lines 790--791

 []


Underfull \hbox (badness 10000) in paragraph at lines 792--793

 []


Underfull \hbox (badness 10000) in paragraph at lines 798--799

 []

LaTeX Info: Redefining \. on input line 799.
LaTeX Info: Redefining \% on input line 799.
[18]
Underfull \hbox (badness 10000) in paragraph at lines 804--805

 []


Underfull \hbox (badness 10000) in paragraph at lines 810--811

 []


Underfull \hbox (badness 10000) in paragraph at lines 816--817

 []


Underfull \hbox (badness 10000) in paragraph at lines 822--823

 []


Underfull \hbox (badness 10000) in paragraph at lines 828--829

 []


Underfull \hbox (badness 10000) in paragraph at lines 834--835

 []


Underfull \hbox (badness 10000) in paragraph at lines 840--841

 []

LaTeX Info: Redefining \. on input line 841.
LaTeX Info: Redefining \% on input line 841.
[19]
Underfull \hbox (badness 10000) in paragraph at lines 846--847

 []


Underfull \hbox (badness 10000) in paragraph at lines 852--853

 []


Underfull \hbox (badness 10000) in paragraph at lines 860--861

 []


Underfull \hbox (badness 10000) in paragraph at lines 862--863

 []


Underfull \hbox (badness 10000) in paragraph at lines 864--865

 []


Underfull \hbox (badness 10000) in paragraph at lines 870--871

 []


Underfull \hbox (badness 10000) in paragraph at lines 872--873

 []


Underfull \hbox (badness 10000) in paragraph at lines 874--875

 []


Underfull \hbox (badness 10000) in paragraph at lines 876--877

 []


Underfull \hbox (badness 10000) in paragraph at lines 878--879

 []


Underfull \hbox (badness 10000) in paragraph at lines 884--885

 []


Underfull \hbox (badness 10000) in paragraph at lines 890--891

 []

LaTeX Info: Redefining \. on input line 891.
LaTeX Info: Redefining \% on input line 891.
[20]
Underfull \hbox (badness 10000) in paragraph at lines 896--897

 []


Underfull \hbox (badness 10000) in paragraph at lines 902--903

 []


Underfull \hbox (badness 10000) in paragraph at lines 904--905

 []


Underfull \hbox (badness 10000) in paragraph at lines 906--907

 []


Underfull \hbox (badness 10000) in paragraph at lines 908--909

 []


Underfull \hbox (badness 10000) in paragraph at lines 914--915

 []


Underfull \hbox (badness 10000) in paragraph at lines 920--921

 []


Underfull \hbox (badness 10000) in paragraph at lines 922--923

 []


Underfull \hbox (badness 10000) in paragraph at lines 924--925

 []


Underfull \hbox (badness 10000) in paragraph at lines 930--931

 []


Underfull \hbox (badness 10000) in paragraph at lines 932--933

 []


Underfull \hbox (badness 10000) in paragraph at lines 934--935

 []


Underfull \hbox (badness 10000) in paragraph at lines 940--941

 []

LaTeX Info: Redefining \. on input line 941.
LaTeX Info: Redefining \% on input line 941.
[21]
Underfull \hbox (badness 10000) in paragraph at lines 942--943

 []


Underfull \hbox (badness 10000) in paragraph at lines 944--945

 []


Underfull \hbox (badness 10000) in paragraph at lines 950--951

 []


Underfull \hbox (badness 10000) in paragraph at lines 958--959

 []


Underfull \hbox (badness 10000) in paragraph at lines 960--961

 []


Underfull \hbox (badness 10000) in paragraph at lines 966--967

 []


Underfull \hbox (badness 10000) in paragraph at lines 968--969

 []


Underfull \hbox (badness 10000) in paragraph at lines 970--971

 []


Underfull \hbox (badness 10000) in paragraph at lines 976--977

 []


Underfull \hbox (badness 10000) in paragraph at lines 978--979

 []


Underfull \hbox (badness 10000) in paragraph at lines 984--985

 []

LaTeX Info: Redefining \. on input line 985.
LaTeX Info: Redefining \% on input line 985.
[22]
Underfull \hbox (badness 10000) in paragraph at lines 986--987

 []


Underfull \hbox (badness 10000) in paragraph at lines 992--993

 []


Underfull \hbox (badness 10000) in paragraph at lines 1000--1001

 []


Underfull \hbox (badness 10000) in paragraph at lines 1008--1009

 []


Underfull \hbox (badness 10000) in paragraph at lines 1016--1017

 []


Underfull \hbox (badness 10000) in paragraph at lines 1022--1023

 []


Underfull \hbox (badness 10000) in paragraph at lines 1024--1025

 []

LaTeX Info: Redefining \. on input line 1025.
LaTeX Info: Redefining \% on input line 1025.
[23]
Underfull \hbox (badness 10000) in paragraph at lines 1030--1031

 []


Underfull \hbox (badness 10000) in paragraph at lines 1036--1037

 []


Underfull \hbox (badness 10000) in paragraph at lines 1038--1039

 []


Underfull \hbox (badness 10000) in paragraph at lines 1040--1041

 []


Underfull \hbox (badness 10000) in paragraph at lines 1042--1043

 []


Underfull \hbox (badness 10000) in paragraph at lines 1044--1045

 []


Underfull \hbox (badness 10000) in paragraph at lines 1046--1047

 []


Underfull \hbox (badness 10000) in paragraph at lines 1048--1049

 []


Underfull \hbox (badness 10000) in paragraph at lines 1050--1051

 []


Underfull \hbox (badness 10000) in paragraph at lines 1052--1053

 []


Underfull \hbox (badness 10000) in paragraph at lines 1054--1055

 []


Underfull \hbox (badness 10000) in paragraph at lines 1056--1057

 []


Underfull \hbox (badness 10000) in paragraph at lines 1058--1059

 []


Underfull \hbox (badness 10000) in paragraph at lines 1060--1061

 []


Underfull \hbox (badness 10000) in paragraph at lines 1062--1063

 []


Underfull \hbox (badness 10000) in paragraph at lines 1068--1069

 []


Underfull \hbox (badness 10000) in paragraph at lines 1074--1075

 []

LaTeX Info: Redefining \. on input line 1075.
LaTeX Info: Redefining \% on input line 1075.
[24]
Underfull \hbox (badness 10000) in paragraph at lines 1080--1081

 []


Underfull \hbox (badness 10000) in paragraph at lines 1086--1087

 []


Underfull \hbox (badness 10000) in paragraph at lines 1088--1089

 []


Underfull \hbox (badness 10000) in paragraph at lines 1094--1095

 []


Underfull \hbox (badness 10000) in paragraph at lines 1096--1097

 []


Underfull \hbox (badness 10000) in paragraph at lines 1098--1099

 []


Underfull \hbox (badness 10000) in paragraph at lines 1100--1101

 []


Underfull \hbox (badness 10000) in paragraph at lines 1102--1103

 []


Underfull \hbox (badness 10000) in paragraph at lines 1110--1111

 []


Underfull \hbox (badness 10000) in paragraph at lines 1116--1117

 []

LaTeX Info: Redefining \. on input line 1118.
LaTeX Info: Redefining \% on input line 1118.
[25]
Underfull \hbox (badness 10000) in paragraph at lines 1122--1123

 []


Underfull \hbox (badness 10000) in paragraph at lines 1128--1129

 []


Underfull \hbox (badness 10000) in paragraph at lines 1134--1135

 []


Underfull \hbox (badness 10000) in paragraph at lines 1136--1137

 []


Underfull \hbox (badness 10000) in paragraph at lines 1138--1139

 []


Underfull \hbox (badness 10000) in paragraph at lines 1146--1147

 []


Underfull \hbox (badness 10000) in paragraph at lines 1148--1149

 []


Underfull \hbox (badness 10000) in paragraph at lines 1150--1151

 []


Underfull \hbox (badness 10000) in paragraph at lines 1156--1157

 []


Underfull \hbox (badness 10000) in paragraph at lines 1162--1163

 []

LaTeX Info: Redefining \. on input line 1163.
LaTeX Info: Redefining \% on input line 1163.
[26]
Underfull \hbox (badness 10000) in paragraph at lines 1168--1169

 []


Underfull \hbox (badness 10000) in paragraph at lines 1170--1171

 []


Underfull \hbox (badness 10000) in paragraph at lines 1172--1173

 []


Underfull \hbox (badness 10000) in paragraph at lines 1174--1175

 []


Underfull \hbox (badness 10000) in paragraph at lines 1176--1177

 []


Underfull \hbox (badness 10000) in paragraph at lines 1178--1179

 []


Underfull \hbox (badness 10000) in paragraph at lines 1180--1181

 []


Underfull \hbox (badness 10000) in paragraph at lines 1182--1183

 []


Underfull \hbox (badness 10000) in paragraph at lines 1184--1185

 []


Underfull \hbox (badness 10000) in paragraph at lines 1186--1187

 []


Underfull \hbox (badness 10000) in paragraph at lines 1188--1189

 []


Underfull \hbox (badness 10000) in paragraph at lines 1194--1195

 []


Underfull \hbox (badness 10000) in paragraph at lines 1200--1201

 []


Underfull \hbox (badness 10000) in paragraph at lines 1206--1207

 []


Underfull \hbox (badness 10000) in paragraph at lines 1212--1213

 []

LaTeX Info: Redefining \. on input line 1213.
LaTeX Info: Redefining \% on input line 1213.
[27]
LaTeX Info: Redefining \. on input line 1216.
LaTeX Info: Redefining \% on input line 1216.
 [28]
Cap\'{\i }tulo 3.

Underfull \hbox (badness 10000) in paragraph at lines 1226--1227

 []


Underfull \hbox (badness 10000) in paragraph at lines 1232--1233

 []


Underfull \hbox (badness 10000) in paragraph at lines 1238--1239

 []


Underfull \hbox (badness 10000) in paragraph at lines 1244--1245

 []


Underfull \hbox (badness 10000) in paragraph at lines 1250--1251

 []

[29

]
Underfull \hbox (badness 10000) in paragraph at lines 1258--1259

 []


Underfull \hbox (badness 10000) in paragraph at lines 1264--1265

 []


Underfull \hbox (badness 10000) in paragraph at lines 1270--1271

 []


Underfull \hbox (badness 10000) in paragraph at lines 1272--1273

 []


Underfull \hbox (badness 10000) in paragraph at lines 1274--1275

 []


Underfull \hbox (badness 10000) in paragraph at lines 1280--1281

 []

LaTeX Info: Redefining \. on input line 1286.
LaTeX Info: Redefining \% on input line 1286.
[30]
Cap\'{\i }tulo 4.

Underfull \hbox (badness 10000) in paragraph at lines 1292--1293

 []


Underfull \hbox (badness 10000) in paragraph at lines 1298--1299

 []


Underfull \hbox (badness 10000) in paragraph at lines 1300--1301

 []


Underfull \hbox (badness 10000) in paragraph at lines 1308--1309

 []


Underfull \hbox (badness 10000) in paragraph at lines 1314--1315

 []


Underfull \hbox (badness 10000) in paragraph at lines 1316--1317

 []


Underfull \hbox (badness 10000) in paragraph at lines 1324--1325

 []


Underfull \hbox (badness 10000) in paragraph at lines 1326--1327

 []


Underfull \hbox (badness 10000) in paragraph at lines 1332--1333

 []

[31

]
Underfull \hbox (badness 10000) in paragraph at lines 1334--1335

 []


Underfull \hbox (badness 10000) in paragraph at lines 1340--1341

 []


Underfull \hbox (badness 10000) in paragraph at lines 1342--1343

 []


Underfull \hbox (badness 10000) in paragraph at lines 1344--1345

 []


Underfull \hbox (badness 10000) in paragraph at lines 1346--1347

 []


Underfull \hbox (badness 10000) in paragraph at lines 1352--1353

 []


Underfull \hbox (badness 10000) in paragraph at lines 1354--1355

 []


Underfull \hbox (badness 10000) in paragraph at lines 1360--1361

 []


Underfull \hbox (badness 10000) in paragraph at lines 1362--1363

 []


Underfull \hbox (badness 10000) in paragraph at lines 1370--1371

 []

LaTeX Info: Redefining \. on input line 1372.
LaTeX Info: Redefining \% on input line 1372.
[32]
Underfull \hbox (badness 10000) in paragraph at lines 1372--1373

 []


Underfull \hbox (badness 10000) in paragraph at lines 1378--1379

 []


Underfull \hbox (badness 10000) in paragraph at lines 1380--1381

 []


Underfull \hbox (badness 10000) in paragraph at lines 1382--1383

 []


Underfull \hbox (badness 10000) in paragraph at lines 1384--1385

 []


Underfull \hbox (badness 10000) in paragraph at lines 1386--1387

 []


Underfull \hbox (badness 10000) in paragraph at lines 1388--1389

 []


Underfull \hbox (badness 10000) in paragraph at lines 1396--1397

 []


Underfull \hbox (badness 10000) in paragraph at lines 1398--1399

 []


Underfull \hbox (badness 10000) in paragraph at lines 1404--1405

 []


Underfull \hbox (badness 10000) in paragraph at lines 1406--1407

 []


Underfull \hbox (badness 10000) in paragraph at lines 1412--1413

 []


Underfull \hbox (badness 10000) in paragraph at lines 1418--1419

 []

LaTeX Info: Redefining \. on input line 1419.
LaTeX Info: Redefining \% on input line 1419.
[33]
Underfull \hbox (badness 10000) in paragraph at lines 1420--1421

 []


Underfull \hbox (badness 10000) in paragraph at lines 1428--1429

 []


Underfull \hbox (badness 10000) in paragraph at lines 1434--1435

 []


Underfull \hbox (badness 10000) in paragraph at lines 1436--1437

 []


Underfull \hbox (badness 10000) in paragraph at lines 1438--1439

 []


Underfull \hbox (badness 10000) in paragraph at lines 1444--1445

 []


Underfull \hbox (badness 10000) in paragraph at lines 1450--1451

 []


Underfull \hbox (badness 10000) in paragraph at lines 1456--1457

 []


Underfull \hbox (badness 10000) in paragraph at lines 1462--1463

 []

LaTeX Info: Redefining \. on input line 1463.
LaTeX Info: Redefining \% on input line 1463.
[34]
Underfull \hbox (badness 10000) in paragraph at lines 1464--1465

 []


Underfull \hbox (badness 10000) in paragraph at lines 1470--1471

 []


Underfull \hbox (badness 10000) in paragraph at lines 1476--1477

 []


Underfull \hbox (badness 10000) in paragraph at lines 1484--1485

 []


Underfull \hbox (badness 10000) in paragraph at lines 1486--1487

 []


Underfull \hbox (badness 10000) in paragraph at lines 1492--1493

 []


Underfull \hbox (badness 10000) in paragraph at lines 1500--1501

 []

LaTeX Info: Redefining \. on input line 1507.
LaTeX Info: Redefining \% on input line 1507.
[35]
Underfull \hbox (badness 10000) in paragraph at lines 1508--1509

 []


Underfull \hbox (badness 10000) in paragraph at lines 1514--1515

 []


Underfull \hbox (badness 10000) in paragraph at lines 1520--1521

 []


Underfull \hbox (badness 10000) in paragraph at lines 1522--1523

 []


Underfull \hbox (badness 10000) in paragraph at lines 1530--1531

 []


Underfull \hbox (badness 10000) in paragraph at lines 1532--1533

 []


Underfull \hbox (badness 10000) in paragraph at lines 1540--1541

 []


Underfull \hbox (badness 10000) in paragraph at lines 1546--1547

 []

LaTeX Info: Redefining \. on input line 1555.
LaTeX Info: Redefining \% on input line 1555.
[36]
Underfull \hbox (badness 10000) in paragraph at lines 1556--1557

 []


Underfull \hbox (badness 10000) in paragraph at lines 1558--1559

 []


Underfull \hbox (badness 10000) in paragraph at lines 1560--1561

 []


Underfull \hbox (badness 10000) in paragraph at lines 1566--1567

 []


Underfull \hbox (badness 10000) in paragraph at lines 1572--1573

 []

LaTeX Info: Redefining \. on input line 1578.
LaTeX Info: Redefining \% on input line 1578.
[37]
Cap\'{\i }tulo 5.

Underfull \hbox (badness 10000) in paragraph at lines 1584--1585

 []


Underfull \hbox (badness 10000) in paragraph at lines 1586--1587

 []


Underfull \hbox (badness 10000) in paragraph at lines 1588--1589

 []


Underfull \hbox (badness 10000) in paragraph at lines 1594--1595

 []


Underfull \hbox (badness 10000) in paragraph at lines 1596--1597

 []


Underfull \hbox (badness 10000) in paragraph at lines 1604--1605

 []


Underfull \hbox (badness 10000) in paragraph at lines 1606--1607

 []


Underfull \hbox (badness 10000) in paragraph at lines 1608--1609

 []


Underfull \hbox (badness 10000) in paragraph at lines 1610--1611

 []


Underfull \hbox (badness 10000) in paragraph at lines 1616--1617

 []

[38

]
Underfull \hbox (badness 10000) in paragraph at lines 1624--1625

 []


Underfull \hbox (badness 10000) in paragraph at lines 1626--1627

 []


Underfull \hbox (badness 10000) in paragraph at lines 1632--1633

 []


Underfull \hbox (badness 10000) in paragraph at lines 1634--1635

 []


Underfull \hbox (badness 10000) in paragraph at lines 1642--1643

 []


Underfull \hbox (badness 10000) in paragraph at lines 1644--1645

 []


Underfull \hbox (badness 10000) in paragraph at lines 1646--1647

 []


Underfull \hbox (badness 10000) in paragraph at lines 1652--1653

 []


Underfull \hbox (badness 10000) in paragraph at lines 1658--1659

 []


Underfull \hbox (badness 10000) in paragraph at lines 1660--1661

 []

LaTeX Info: Redefining \. on input line 1661.
LaTeX Info: Redefining \% on input line 1661.
[39]
Underfull \hbox (badness 10000) in paragraph at lines 1662--1663

 []


Underfull \hbox (badness 10000) in paragraph at lines 1664--1665

 []


Underfull \hbox (badness 10000) in paragraph at lines 1668--1669

 []


Underfull \hbox (badness 10000) in paragraph at lines 1670--1671

 []


Underfull \hbox (badness 10000) in paragraph at lines 1672--1673

 []


Underfull \hbox (badness 10000) in paragraph at lines 1676--1677

 []


Underfull \hbox (badness 10000) in paragraph at lines 1678--1679

 []


Underfull \hbox (badness 10000) in paragraph at lines 1684--1685

 []


Underfull \hbox (badness 10000) in paragraph at lines 1690--1691

 []


Underfull \hbox (badness 10000) in paragraph at lines 1694--1695

 []

LaTeX Info: Redefining \. on input line 1695.
LaTeX Info: Redefining \% on input line 1695.
[40]
Underfull \hbox (badness 10000) in paragraph at lines 1696--1697

 []


Underfull \hbox (badness 10000) in paragraph at lines 1702--1703

 []


Underfull \hbox (badness 10000) in paragraph at lines 1708--1709

 []


Underfull \hbox (badness 10000) in paragraph at lines 1712--1713

 []


Underfull \hbox (badness 10000) in paragraph at lines 1714--1715

 []


Underfull \hbox (badness 10000) in paragraph at lines 1716--1717

 []


Underfull \hbox (badness 10000) in paragraph at lines 1718--1719

 []


Underfull \hbox (badness 10000) in paragraph at lines 1720--1721

 []


Underfull \hbox (badness 10000) in paragraph at lines 1722--1723

 []


Underfull \hbox (badness 10000) in paragraph at lines 1724--1725

 []


Underfull \hbox (badness 10000) in paragraph at lines 1726--1727

 []


Underfull \hbox (badness 10000) in paragraph at lines 1728--1729

 []


Underfull \hbox (badness 10000) in paragraph at lines 1734--1735

 []


Underfull \hbox (badness 10000) in paragraph at lines 1740--1741

 []

LaTeX Info: Redefining \. on input line 1741.
LaTeX Info: Redefining \% on input line 1741.
[41]
Underfull \hbox (badness 10000) in paragraph at lines 1748--1749

 []


Underfull \hbox (badness 10000) in paragraph at lines 1754--1755

 []


Underfull \hbox (badness 10000) in paragraph at lines 1760--1761

 []


Underfull \hbox (badness 10000) in paragraph at lines 1768--1769

 []


Underfull \hbox (badness 10000) in paragraph at lines 1770--1771

 []


Underfull \hbox (badness 10000) in paragraph at lines 1772--1773

 []


Underfull \hbox (badness 10000) in paragraph at lines 1774--1775

 []


Underfull \hbox (badness 10000) in paragraph at lines 1780--1781

 []


Underfull \hbox (badness 10000) in paragraph at lines 1788--1789

 []

LaTeX Info: Redefining \. on input line 1789.
LaTeX Info: Redefining \% on input line 1789.
[42]
Underfull \hbox (badness 10000) in paragraph at lines 1790--1791

 []


Underfull \hbox (badness 10000) in paragraph at lines 1792--1793

 []


Underfull \hbox (badness 10000) in paragraph at lines 1794--1795

 []


Underfull \hbox (badness 10000) in paragraph at lines 1796--1797

 []


Underfull \hbox (badness 10000) in paragraph at lines 1800--1801

 []


Underfull \hbox (badness 10000) in paragraph at lines 1804--1805

 []


Underfull \hbox (badness 10000) in paragraph at lines 1812--1813

 []


Underfull \hbox (badness 10000) in paragraph at lines 1820--1821

 []


Underfull \hbox (badness 10000) in paragraph at lines 1822--1823

 []


Underfull \hbox (badness 10000) in paragraph at lines 1830--1831

 []

LaTeX Info: Redefining \. on input line 1837.
LaTeX Info: Redefining \% on input line 1837.
[43]
Underfull \hbox (badness 10000) in paragraph at lines 1838--1839

 []


Underfull \hbox (badness 10000) in paragraph at lines 1840--1841

 []


Underfull \hbox (badness 10000) in paragraph at lines 1846--1847

 []


Underfull \hbox (badness 10000) in paragraph at lines 1854--1855

 []


Underfull \hbox (badness 10000) in paragraph at lines 1860--1861

 []


Underfull \hbox (badness 10000) in paragraph at lines 1862--1863

 []


Underfull \hbox (badness 10000) in paragraph at lines 1868--1869

 []


Underfull \hbox (badness 10000) in paragraph at lines 1876--1877

 []


Underfull \hbox (badness 10000) in paragraph at lines 1882--1883

 []

LaTeX Info: Redefining \. on input line 1883.
LaTeX Info: Redefining \% on input line 1883.
[44]
LaTeX Info: Redefining \. on input line 1886.
LaTeX Info: Redefining \% on input line 1886.
 [45]
Cap\'{\i }tulo 6.

Underfull \hbox (badness 10000) in paragraph at lines 1892--1893

 []


Underfull \hbox (badness 10000) in paragraph at lines 1898--1899

 []


Underfull \hbox (badness 10000) in paragraph at lines 1900--1901

 []


Underfull \hbox (badness 10000) in paragraph at lines 1910--1911

 []


Underfull \hbox (badness 10000) in paragraph at lines 1912--1913

 []


Underfull \hbox (badness 10000) in paragraph at lines 1914--1915

 []


Underfull \hbox (badness 10000) in paragraph at lines 1916--1917

 []


Underfull \hbox (badness 10000) in paragraph at lines 1918--1919

 []


Underfull \hbox (badness 10000) in paragraph at lines 1924--1925

 []


Underfull \hbox (badness 10000) in paragraph at lines 1930--1931

 []

[46

]
Underfull \hbox (badness 10000) in paragraph at lines 1936--1937

 []


Underfull \hbox (badness 10000) in paragraph at lines 1942--1943

 []


Underfull \hbox (badness 10000) in paragraph at lines 1948--1949

 []


Underfull \hbox (badness 10000) in paragraph at lines 1956--1957

 []


Underfull \hbox (badness 10000) in paragraph at lines 1958--1959

 []


Underfull \hbox (badness 10000) in paragraph at lines 1966--1967

 []


Underfull \hbox (badness 10000) in paragraph at lines 1968--1969

 []


Underfull \hbox (badness 10000) in paragraph at lines 1976--1977

 []

LaTeX Info: Redefining \. on input line 1977.
LaTeX Info: Redefining \% on input line 1977.
[47]
Underfull \hbox (badness 10000) in paragraph at lines 1978--1979

 []


Underfull \hbox (badness 10000) in paragraph at lines 1984--1985

 []


Underfull \hbox (badness 10000) in paragraph at lines 1992--1993

 []


Underfull \hbox (badness 10000) in paragraph at lines 1994--1995

 []


Underfull \hbox (badness 10000) in paragraph at lines 1996--1997

 []


Underfull \hbox (badness 10000) in paragraph at lines 1998--1999

 []


Underfull \hbox (badness 10000) in paragraph at lines 2004--2005

 []


Underfull \hbox (badness 10000) in paragraph at lines 2012--2013

 []


Underfull \hbox (badness 10000) in paragraph at lines 2018--2019

 []


Underfull \hbox (badness 10000) in paragraph at lines 2020--2021

 []


Underfull \hbox (badness 10000) in paragraph at lines 2022--2023

 []

LaTeX Info: Redefining \. on input line 2024.
LaTeX Info: Redefining \% on input line 2024.
[48]
Underfull \hbox (badness 10000) in paragraph at lines 2024--2025

 []


Underfull \hbox (badness 10000) in paragraph at lines 2026--2027

 []


Underfull \hbox (badness 10000) in paragraph at lines 2036--2037

 []


Underfull \hbox (badness 10000) in paragraph at lines 2038--2039

 []


Underfull \hbox (badness 10000) in paragraph at lines 2040--2041

 []


Underfull \hbox (badness 10000) in paragraph at lines 2046--2047

 []


Underfull \hbox (badness 10000) in paragraph at lines 2052--2053

 []


Underfull \hbox (badness 10000) in paragraph at lines 2058--2059

 []


Underfull \hbox (badness 10000) in paragraph at lines 2064--2065

 []


Underfull \hbox (badness 10000) in paragraph at lines 2070--2071

 []

LaTeX Info: Redefining \. on input line 2071.
LaTeX Info: Redefining \% on input line 2071.
[49]
Underfull \hbox (badness 10000) in paragraph at lines 2072--2073

 []


Underfull \hbox (badness 10000) in paragraph at lines 2074--2075

 []


Underfull \hbox (badness 10000) in paragraph at lines 2076--2077

 []


Underfull \hbox (badness 10000) in paragraph at lines 2078--2079

 []


Underfull \hbox (badness 10000) in paragraph at lines 2084--2085

 []


Underfull \hbox (badness 10000) in paragraph at lines 2090--2091

 []


Underfull \hbox (badness 10000) in paragraph at lines 2092--2093

 []


Underfull \hbox (badness 10000) in paragraph at lines 2094--2095

 []


Underfull \hbox (badness 10000) in paragraph at lines 2096--2097

 []


Underfull \hbox (badness 10000) in paragraph at lines 2102--2103

 []


Underfull \hbox (badness 10000) in paragraph at lines 2110--2111

 []


Underfull \hbox (badness 10000) in paragraph at lines 2112--2113

 []


Underfull \hbox (badness 10000) in paragraph at lines 2114--2115

 []


Underfull \hbox (badness 10000) in paragraph at lines 2120--2121

 []

LaTeX Info: Redefining \. on input line 2121.
LaTeX Info: Redefining \% on input line 2121.
[50]
Underfull \hbox (badness 10000) in paragraph at lines 2122--2123

 []


Underfull \hbox (badness 10000) in paragraph at lines 2128--2129

 []


Underfull \hbox (badness 10000) in paragraph at lines 2130--2131

 []


Underfull \hbox (badness 10000) in paragraph at lines 2136--2137

 []


Underfull \hbox (badness 10000) in paragraph at lines 2144--2145

 []


Package hyperref Warning: Token not allowed in a PDF string (Unicode):
(hyperref)                removing `math shift' on input line 2148.


Package hyperref Warning: Token not allowed in a PDF string (Unicode):
(hyperref)                removing `\left' on input line 2148.


Package hyperref Warning: Token not allowed in a PDF string (Unicode):
(hyperref)                removing `\right' on input line 2148.


Package hyperref Warning: Token not allowed in a PDF string (Unicode):
(hyperref)                removing `math shift' on input line 2148.


Underfull \hbox (badness 10000) in paragraph at lines 2152--2153

 []


Underfull \hbox (badness 10000) in paragraph at lines 2154--2155

 []


Underfull \hbox (badness 10000) in paragraph at lines 2160--2161

 []

LaTeX Info: Redefining \. on input line 2162.
LaTeX Info: Redefining \% on input line 2162.
[51]
Underfull \hbox (badness 10000) in paragraph at lines 2162--2163

 []


Underfull \hbox (badness 10000) in paragraph at lines 2168--2169

 []


Underfull \hbox (badness 10000) in paragraph at lines 2170--2171

 []


Underfull \hbox (badness 10000) in paragraph at lines 2172--2173

 []


Underfull \hbox (badness 10000) in paragraph at lines 2174--2175

 []

(Notas Espacios Metricos.bbl
LaTeX Info: Redefining \. on input line 1.
LaTeX Info: Redefining \% on input line 1.
 [52]

LaTeX Warning: Empty `thebibliography' environment on input line 3.

) [53

] (Notas Espacios Metricos.aux
LaTeX Info: Redefining \. on input line 26.
LaTeX Info: Redefining \% on input line 26.
)

LaTeX Warning: There were undefined references.

Package rerunfilecheck Info: File `"Notas Espacios Metricos".out' has not changed.
(rerunfilecheck)             Checksum: 6391FFD4B57C9111C1EA38C7E88E8676;8161.
 ) 
Here is how much of TeX's memory you used:
 13523 strings out of 479334
 196988 string characters out of 2866960
 563016 words of memory out of 3000000
 30341 multiletter control sequences out of 15000+200000
 415522 words of font info for 123 fonts, out of 3000000 for 9000
 1141 hyphenation exceptions out of 8191
 71i,8n,74p,1180b,619s stack positions out of 5000i,500n,10000p,200000b,50000s
<C:/Program Files/MiKTeX/fonts/type1/public/amsfonts/cm/cmbx10.pfb><C:/Program Files/MiKTeX/fonts/type1/public/amsfonts/cm/cmbx12.pfb><C:/Program Files/MiKTeX/fonts/type1/public/amsfonts/cm/cmex10.pfb><C:/Program Files/MiKTeX/fonts/type1/public/amsfonts/cm/cmmi10.pfb><C:/Program Files/MiKTeX/fonts/type1/public/amsfonts/cm/cmmi12.pfb><C:/Program Files/MiKTeX/fonts/type1/public/amsfonts/cm/cmmi5.pfb><C:/Program Files/MiKTeX/fonts/type1/public/amsfonts/cm/cmmi7.pfb><C:/Program Files/MiKTeX/fonts/type1/public/amsfonts/cm/cmr10.pfb><C:/Program Files/MiKTeX/fonts/type1/public/amsfonts/cm/cmr12.pfb><C:/Program Files/MiKTeX/fonts/type1/public/amsfonts/cm/cmr7.pfb><C:/Program Files/MiKTeX/fonts/type1/public/amsfonts/cm/cmsl10.pfb><C:/Program Files/MiKTeX/fonts/type1/public/amsfonts/cm/cmsy10.pfb><C:/Program Files/MiKTeX/fonts/type1/public/amsfonts/cm/cmsy7.pfb><C:/Program Files/MiKTeX/fonts/type1/public/amsfonts/symbols/msam10.pfb><C:/Program Files/MiKTeX/fonts/type1/public/amsfonts/symbols/msbm10.pfb><C:/Program Files/MiKTeX/fonts/type1/public/amsfonts/symbols/msbm7.pfb>
Output written on "Notas Espacios Metricos.pdf" (53 pages, 348018 bytes).
PDF statistics:
 768 PDF objects out of 1000 (max. 8388607)
 301 named destinations out of 1000 (max. 500000)
 26953 words of extra memory for PDF output out of 29859 (max. 10000000)

